[ 2016-11-24T11:05:19+08:00 ] 127.0.0.1 /Label/scanning
INFO: [ app_begin ] --START--
INFO: ReadHtmlCache Behavior ::run [ RunTime:0.000370s ]
INFO: [ app_begin ] --END-- [ RunTime:0.000430s ]

[ 2016-11-24T11:05:26+08:00 ] 127.0.0.1 /Label/scanning
INFO: [ app_begin ] --START--
INFO: ReadHtmlCache Behavior ::run [ RunTime:0.000385s ]
INFO: [ app_begin ] --END-- [ RunTime:0.000445s ]

[ 2016-11-24T11:14:04+08:00 ] 127.0.0.1 /Label/scanning
INFO: [ app_begin ] --START--
INFO: ReadHtmlCache Behavior ::run [ RunTime:0.000349s ]
INFO: [ app_begin ] --END-- [ RunTime:0.000404s ]
NOTIC: [8192] mysql_connect(): The mysql extension is deprecated and will be removed in the future: use mysqli or PDO instead /Applications/MAMP/htdocs/csei/ThinkPHP/Lib/Driver/Db/DbMysql.class.php 第 55 行.
SQL: SHOW COLUMNS FROM `cs_things` [ RunTime:0.001844s ]
NOTIC: [8192] preg_replace(): The /e modifier is deprecated, use preg_replace_callback instead /Applications/MAMP/htdocs/csei/ThinkPHP/Lib/Core/Db.class.php 第 605 行.
SQL: SELECT `thing` FROM `cs_things` LIMIT 1   [ RunTime:0.000137s ]

[ 2016-11-24T11:14:07+08:00 ] 127.0.0.1 /Label/scanning
INFO: [ app_begin ] --START--
INFO: ReadHtmlCache Behavior ::run [ RunTime:0.000450s ]
INFO: [ app_begin ] --END-- [ RunTime:0.000513s ]
NOTIC: [8192] mysql_connect(): The mysql extension is deprecated and will be removed in the future: use mysqli or PDO instead /Applications/MAMP/htdocs/csei/ThinkPHP/Lib/Driver/Db/DbMysql.class.php 第 55 行.
SQL: SHOW COLUMNS FROM `cs_things` [ RunTime:0.001991s ]
NOTIC: [8192] preg_replace(): The /e modifier is deprecated, use preg_replace_callback instead /Applications/MAMP/htdocs/csei/ThinkPHP/Lib/Core/Db.class.php 第 605 行.
SQL: SELECT `thing` FROM `cs_things` LIMIT 1   [ RunTime:0.000246s ]

[ 2016-11-24T11:14:10+08:00 ] 127.0.0.1 /Label/scanning
INFO: [ app_begin ] --START--
INFO: ReadHtmlCache Behavior ::run [ RunTime:0.000349s ]
INFO: [ app_begin ] --END-- [ RunTime:0.000401s ]
NOTIC: [8192] mysql_connect(): The mysql extension is deprecated and will be removed in the future: use mysqli or PDO instead /Applications/MAMP/htdocs/csei/ThinkPHP/Lib/Driver/Db/DbMysql.class.php 第 55 行.
SQL: SHOW COLUMNS FROM `cs_things` [ RunTime:0.001608s ]
NOTIC: [8192] preg_replace(): The /e modifier is deprecated, use preg_replace_callback instead /Applications/MAMP/htdocs/csei/ThinkPHP/Lib/Core/Db.class.php 第 605 行.
SQL: SELECT `thing` FROM `cs_things` LIMIT 1   [ RunTime:0.000151s ]

[ 2016-11-24T11:14:54+08:00 ] 127.0.0.1 /Label/scanning
INFO: [ app_begin ] --START--
INFO: ReadHtmlCache Behavior ::run [ RunTime:0.000367s ]
INFO: [ app_begin ] --END-- [ RunTime:0.000421s ]
NOTIC: [8192] mysql_connect(): The mysql extension is deprecated and will be removed in the future: use mysqli or PDO instead /Applications/MAMP/htdocs/csei/ThinkPHP/Lib/Driver/Db/DbMysql.class.php 第 55 行.
SQL: SHOW COLUMNS FROM `cs_things` [ RunTime:0.002128s ]
NOTIC: [8192] preg_replace(): The /e modifier is deprecated, use preg_replace_callback instead /Applications/MAMP/htdocs/csei/ThinkPHP/Lib/Core/Db.class.php 第 605 行.
SQL: SELECT `thing` FROM `cs_things` LIMIT 1   [ RunTime:0.000150s ]

[ 2016-11-24T11:14:56+08:00 ] 127.0.0.1 /Label/scanning
INFO: [ app_begin ] --START--
INFO: ReadHtmlCache Behavior ::run [ RunTime:0.000830s ]
INFO: [ app_begin ] --END-- [ RunTime:0.000934s ]
NOTIC: [8192] mysql_connect(): The mysql extension is deprecated and will be removed in the future: use mysqli or PDO instead /Applications/MAMP/htdocs/csei/ThinkPHP/Lib/Driver/Db/DbMysql.class.php 第 55 行.
SQL: SHOW COLUMNS FROM `cs_things` [ RunTime:0.001663s ]
NOTIC: [8192] preg_replace(): The /e modifier is deprecated, use preg_replace_callback instead /Applications/MAMP/htdocs/csei/ThinkPHP/Lib/Core/Db.class.php 第 605 行.
SQL: SELECT `thing` FROM `cs_things` LIMIT 1   [ RunTime:0.000149s ]

[ 2016-11-24T13:19:51+08:00 ] 127.0.0.1 /Label/scanning
INFO: [ app_begin ] --START--
INFO: ReadHtmlCache Behavior ::run [ RunTime:0.000668s ]
INFO: [ app_begin ] --END-- [ RunTime:0.000742s ]
NOTIC: [8192] mysql_connect(): The mysql extension is deprecated and will be removed in the future: use mysqli or PDO instead /Applications/MAMP/htdocs/csei/ThinkPHP/Lib/Driver/Db/DbMysql.class.php 第 55 行.
SQL: SHOW COLUMNS FROM `cs_things` [ RunTime:0.001558s ]
NOTIC: [8192] preg_replace(): The /e modifier is deprecated, use preg_replace_callback instead /Applications/MAMP/htdocs/csei/ThinkPHP/Lib/Core/Db.class.php 第 605 行.
SQL: SELECT `thing` FROM `cs_things` LIMIT 1   [ RunTime:0.000170s ]

[ 2016-11-24T13:19:54+08:00 ] 127.0.0.1 /Label/scanning
INFO: [ app_begin ] --START--
INFO: ReadHtmlCache Behavior ::run [ RunTime:0.000466s ]
INFO: [ app_begin ] --END-- [ RunTime:0.000557s ]
NOTIC: [8192] mysql_connect(): The mysql extension is deprecated and will be removed in the future: use mysqli or PDO instead /Applications/MAMP/htdocs/csei/ThinkPHP/Lib/Driver/Db/DbMysql.class.php 第 55 行.
SQL: SHOW COLUMNS FROM `cs_things` [ RunTime:0.001902s ]
NOTIC: [8192] preg_replace(): The /e modifier is deprecated, use preg_replace_callback instead /Applications/MAMP/htdocs/csei/ThinkPHP/Lib/Core/Db.class.php 第 605 行.
SQL: SELECT `thing` FROM `cs_things` LIMIT 1   [ RunTime:0.000414s ]

