[ 2016-11-29T13:37:46+08:00 ] 127.0.0.1 /Label/scanning
INFO: [ app_begin ] --START--
INFO: ReadHtmlCache Behavior ::run [ RunTime:0.000636s ]
INFO: [ app_begin ] --END-- [ RunTime:0.000746s ]
NOTIC: [8192] mysql_connect(): The mysql extension is deprecated and will be removed in the future: use mysqli or PDO instead /Applications/MAMP/htdocs/csei/ThinkPHP/Lib/Driver/Db/DbMysql.class.php 第 55 行.
SQL: SHOW COLUMNS FROM `cs_things` [ RunTime:0.001240s ]
NOTIC: [8192] preg_replace(): The /e modifier is deprecated, use preg_replace_callback instead /Applications/MAMP/htdocs/csei/ThinkPHP/Lib/Core/Db.class.php 第 605 行.
SQL: SELECT `dev_id` FROM `cs_things` WHERE ( user_id=1 ) LIMIT 1   [ RunTime:0.000268s ]
SQL: DELETE FROM `cs_things` WHERE ( user_id=1 ) [ RunTime:0.000140s ]

[ 2016-11-29T13:37:47+08:00 ] 127.0.0.1 /Label/scanning
INFO: [ app_begin ] --START--
INFO: ReadHtmlCache Behavior ::run [ RunTime:0.000585s ]
INFO: [ app_begin ] --END-- [ RunTime:0.000665s ]
NOTIC: [8192] mysql_connect(): The mysql extension is deprecated and will be removed in the future: use mysqli or PDO instead /Applications/MAMP/htdocs/csei/ThinkPHP/Lib/Driver/Db/DbMysql.class.php 第 55 行.
SQL: SHOW COLUMNS FROM `cs_things` [ RunTime:0.001691s ]
NOTIC: [8192] preg_replace(): The /e modifier is deprecated, use preg_replace_callback instead /Applications/MAMP/htdocs/csei/ThinkPHP/Lib/Core/Db.class.php 第 605 行.
SQL: SELECT `dev_id` FROM `cs_things` WHERE ( user_id=1 ) LIMIT 1   [ RunTime:0.000260s ]
SQL: DELETE FROM `cs_things` WHERE ( user_id=1 ) [ RunTime:0.000121s ]

[ 2016-11-29T13:37:48+08:00 ] 127.0.0.1 /Label/scanning
INFO: [ app_begin ] --START--
INFO: ReadHtmlCache Behavior ::run [ RunTime:0.000480s ]
INFO: [ app_begin ] --END-- [ RunTime:0.000541s ]
NOTIC: [8192] mysql_connect(): The mysql extension is deprecated and will be removed in the future: use mysqli or PDO instead /Applications/MAMP/htdocs/csei/ThinkPHP/Lib/Driver/Db/DbMysql.class.php 第 55 行.
SQL: SHOW COLUMNS FROM `cs_things` [ RunTime:0.002352s ]
NOTIC: [8192] preg_replace(): The /e modifier is deprecated, use preg_replace_callback instead /Applications/MAMP/htdocs/csei/ThinkPHP/Lib/Core/Db.class.php 第 605 行.
SQL: SELECT `dev_id` FROM `cs_things` WHERE ( user_id=1 ) LIMIT 1   [ RunTime:0.000212s ]
SQL: DELETE FROM `cs_things` WHERE ( user_id=1 ) [ RunTime:0.000099s ]

[ 2016-11-29T13:37:49+08:00 ] 127.0.0.1 /Label/scanning
INFO: [ app_begin ] --START--
INFO: ReadHtmlCache Behavior ::run [ RunTime:0.000515s ]
INFO: [ app_begin ] --END-- [ RunTime:0.000594s ]
NOTIC: [8192] mysql_connect(): The mysql extension is deprecated and will be removed in the future: use mysqli or PDO instead /Applications/MAMP/htdocs/csei/ThinkPHP/Lib/Driver/Db/DbMysql.class.php 第 55 行.
SQL: SHOW COLUMNS FROM `cs_things` [ RunTime:0.002655s ]
NOTIC: [8192] preg_replace(): The /e modifier is deprecated, use preg_replace_callback instead /Applications/MAMP/htdocs/csei/ThinkPHP/Lib/Core/Db.class.php 第 605 行.
SQL: SELECT `dev_id` FROM `cs_things` WHERE ( user_id=1 ) LIMIT 1   [ RunTime:0.000318s ]
SQL: DELETE FROM `cs_things` WHERE ( user_id=1 ) [ RunTime:0.000220s ]

[ 2016-11-29T13:37:50+08:00 ] 127.0.0.1 /Label/scanning
INFO: [ app_begin ] --START--
INFO: ReadHtmlCache Behavior ::run [ RunTime:0.000442s ]
INFO: [ app_begin ] --END-- [ RunTime:0.000497s ]
NOTIC: [8192] mysql_connect(): The mysql extension is deprecated and will be removed in the future: use mysqli or PDO instead /Applications/MAMP/htdocs/csei/ThinkPHP/Lib/Driver/Db/DbMysql.class.php 第 55 行.
SQL: SHOW COLUMNS FROM `cs_things` [ RunTime:0.002194s ]
NOTIC: [8192] preg_replace(): The /e modifier is deprecated, use preg_replace_callback instead /Applications/MAMP/htdocs/csei/ThinkPHP/Lib/Core/Db.class.php 第 605 行.
SQL: SELECT `dev_id` FROM `cs_things` WHERE ( user_id=1 ) LIMIT 1   [ RunTime:0.000188s ]
SQL: DELETE FROM `cs_things` WHERE ( user_id=1 ) [ RunTime:0.000094s ]

[ 2016-11-29T13:37:51+08:00 ] 127.0.0.1 /Label/scanning
INFO: [ app_begin ] --START--
INFO: ReadHtmlCache Behavior ::run [ RunTime:0.000350s ]
INFO: [ app_begin ] --END-- [ RunTime:0.000400s ]
NOTIC: [8192] mysql_connect(): The mysql extension is deprecated and will be removed in the future: use mysqli or PDO instead /Applications/MAMP/htdocs/csei/ThinkPHP/Lib/Driver/Db/DbMysql.class.php 第 55 行.
SQL: SHOW COLUMNS FROM `cs_things` [ RunTime:0.002230s ]
NOTIC: [8192] preg_replace(): The /e modifier is deprecated, use preg_replace_callback instead /Applications/MAMP/htdocs/csei/ThinkPHP/Lib/Core/Db.class.php 第 605 行.
SQL: SELECT `dev_id` FROM `cs_things` WHERE ( user_id=1 ) LIMIT 1   [ RunTime:0.000320s ]
SQL: DELETE FROM `cs_things` WHERE ( user_id=1 ) [ RunTime:0.000114s ]

[ 2016-11-29T13:37:52+08:00 ] 127.0.0.1 /Label/scanning
INFO: [ app_begin ] --START--
INFO: ReadHtmlCache Behavior ::run [ RunTime:0.000355s ]
INFO: [ app_begin ] --END-- [ RunTime:0.000408s ]
NOTIC: [8192] mysql_connect(): The mysql extension is deprecated and will be removed in the future: use mysqli or PDO instead /Applications/MAMP/htdocs/csei/ThinkPHP/Lib/Driver/Db/DbMysql.class.php 第 55 行.
SQL: SHOW COLUMNS FROM `cs_things` [ RunTime:0.003772s ]
NOTIC: [8192] preg_replace(): The /e modifier is deprecated, use preg_replace_callback instead /Applications/MAMP/htdocs/csei/ThinkPHP/Lib/Core/Db.class.php 第 605 行.
SQL: SELECT `dev_id` FROM `cs_things` WHERE ( user_id=1 ) LIMIT 1   [ RunTime:0.000262s ]
SQL: DELETE FROM `cs_things` WHERE ( user_id=1 ) [ RunTime:0.000111s ]

[ 2016-11-29T13:37:53+08:00 ] 127.0.0.1 /Label/scanning
INFO: [ app_begin ] --START--
INFO: ReadHtmlCache Behavior ::run [ RunTime:0.000358s ]
INFO: [ app_begin ] --END-- [ RunTime:0.000413s ]
NOTIC: [8192] mysql_connect(): The mysql extension is deprecated and will be removed in the future: use mysqli or PDO instead /Applications/MAMP/htdocs/csei/ThinkPHP/Lib/Driver/Db/DbMysql.class.php 第 55 行.
SQL: SHOW COLUMNS FROM `cs_things` [ RunTime:0.001758s ]
NOTIC: [8192] preg_replace(): The /e modifier is deprecated, use preg_replace_callback instead /Applications/MAMP/htdocs/csei/ThinkPHP/Lib/Core/Db.class.php 第 605 行.
SQL: SELECT `dev_id` FROM `cs_things` WHERE ( user_id=1 ) LIMIT 1   [ RunTime:0.000307s ]
SQL: DELETE FROM `cs_things` WHERE ( user_id=1 ) [ RunTime:0.000255s ]

[ 2016-11-29T13:37:54+08:00 ] 127.0.0.1 /Label/scanning
INFO: [ app_begin ] --START--
INFO: ReadHtmlCache Behavior ::run [ RunTime:0.000356s ]
INFO: [ app_begin ] --END-- [ RunTime:0.000407s ]
NOTIC: [8192] mysql_connect(): The mysql extension is deprecated and will be removed in the future: use mysqli or PDO instead /Applications/MAMP/htdocs/csei/ThinkPHP/Lib/Driver/Db/DbMysql.class.php 第 55 行.
SQL: SHOW COLUMNS FROM `cs_things` [ RunTime:0.002348s ]
NOTIC: [8192] preg_replace(): The /e modifier is deprecated, use preg_replace_callback instead /Applications/MAMP/htdocs/csei/ThinkPHP/Lib/Core/Db.class.php 第 605 行.
SQL: SELECT `dev_id` FROM `cs_things` WHERE ( user_id=1 ) LIMIT 1   [ RunTime:0.000337s ]
SQL: DELETE FROM `cs_things` WHERE ( user_id=1 ) [ RunTime:0.000152s ]

[ 2016-11-29T13:37:55+08:00 ] 127.0.0.1 /Label/scanning
INFO: [ app_begin ] --START--
INFO: ReadHtmlCache Behavior ::run [ RunTime:0.000364s ]
INFO: [ app_begin ] --END-- [ RunTime:0.000418s ]
NOTIC: [8192] mysql_connect(): The mysql extension is deprecated and will be removed in the future: use mysqli or PDO instead /Applications/MAMP/htdocs/csei/ThinkPHP/Lib/Driver/Db/DbMysql.class.php 第 55 行.
SQL: SHOW COLUMNS FROM `cs_things` [ RunTime:0.002137s ]
NOTIC: [8192] preg_replace(): The /e modifier is deprecated, use preg_replace_callback instead /Applications/MAMP/htdocs/csei/ThinkPHP/Lib/Core/Db.class.php 第 605 行.
SQL: SELECT `dev_id` FROM `cs_things` WHERE ( user_id=1 ) LIMIT 1   [ RunTime:0.000266s ]
SQL: DELETE FROM `cs_things` WHERE ( user_id=1 ) [ RunTime:0.000139s ]

[ 2016-11-29T13:37:56+08:00 ] 127.0.0.1 /Label/scanning
INFO: [ app_begin ] --START--
INFO: ReadHtmlCache Behavior ::run [ RunTime:0.000346s ]
INFO: [ app_begin ] --END-- [ RunTime:0.000397s ]
NOTIC: [8192] mysql_connect(): The mysql extension is deprecated and will be removed in the future: use mysqli or PDO instead /Applications/MAMP/htdocs/csei/ThinkPHP/Lib/Driver/Db/DbMysql.class.php 第 55 行.
SQL: SHOW COLUMNS FROM `cs_things` [ RunTime:0.003898s ]
NOTIC: [8192] preg_replace(): The /e modifier is deprecated, use preg_replace_callback instead /Applications/MAMP/htdocs/csei/ThinkPHP/Lib/Core/Db.class.php 第 605 行.
SQL: SELECT `dev_id` FROM `cs_things` WHERE ( user_id=1 ) LIMIT 1   [ RunTime:0.000274s ]
SQL: DELETE FROM `cs_things` WHERE ( user_id=1 ) [ RunTime:0.000121s ]

[ 2016-11-29T13:37:57+08:00 ] 127.0.0.1 /Label/scanning
INFO: [ app_begin ] --START--
INFO: ReadHtmlCache Behavior ::run [ RunTime:0.000357s ]
INFO: [ app_begin ] --END-- [ RunTime:0.000409s ]
NOTIC: [8192] mysql_connect(): The mysql extension is deprecated and will be removed in the future: use mysqli or PDO instead /Applications/MAMP/htdocs/csei/ThinkPHP/Lib/Driver/Db/DbMysql.class.php 第 55 行.
SQL: SHOW COLUMNS FROM `cs_things` [ RunTime:0.002452s ]
NOTIC: [8192] preg_replace(): The /e modifier is deprecated, use preg_replace_callback instead /Applications/MAMP/htdocs/csei/ThinkPHP/Lib/Core/Db.class.php 第 605 行.
SQL: SELECT `dev_id` FROM `cs_things` WHERE ( user_id=1 ) LIMIT 1   [ RunTime:0.000305s ]
SQL: DELETE FROM `cs_things` WHERE ( user_id=1 ) [ RunTime:0.000127s ]

[ 2016-11-29T13:37:58+08:00 ] 127.0.0.1 /Label/scanning
INFO: [ app_begin ] --START--
INFO: ReadHtmlCache Behavior ::run [ RunTime:0.000348s ]
INFO: [ app_begin ] --END-- [ RunTime:0.000400s ]
NOTIC: [8192] mysql_connect(): The mysql extension is deprecated and will be removed in the future: use mysqli or PDO instead /Applications/MAMP/htdocs/csei/ThinkPHP/Lib/Driver/Db/DbMysql.class.php 第 55 行.
SQL: SHOW COLUMNS FROM `cs_things` [ RunTime:0.002139s ]
NOTIC: [8192] preg_replace(): The /e modifier is deprecated, use preg_replace_callback instead /Applications/MAMP/htdocs/csei/ThinkPHP/Lib/Core/Db.class.php 第 605 行.
SQL: SELECT `dev_id` FROM `cs_things` WHERE ( user_id=1 ) LIMIT 1   [ RunTime:0.000233s ]
SQL: DELETE FROM `cs_things` WHERE ( user_id=1 ) [ RunTime:0.000176s ]

[ 2016-11-29T13:37:59+08:00 ] 127.0.0.1 /Label/scanning
INFO: [ app_begin ] --START--
INFO: ReadHtmlCache Behavior ::run [ RunTime:0.000462s ]
INFO: [ app_begin ] --END-- [ RunTime:0.000531s ]
NOTIC: [8192] mysql_connect(): The mysql extension is deprecated and will be removed in the future: use mysqli or PDO instead /Applications/MAMP/htdocs/csei/ThinkPHP/Lib/Driver/Db/DbMysql.class.php 第 55 行.
SQL: SHOW COLUMNS FROM `cs_things` [ RunTime:0.001745s ]
NOTIC: [8192] preg_replace(): The /e modifier is deprecated, use preg_replace_callback instead /Applications/MAMP/htdocs/csei/ThinkPHP/Lib/Core/Db.class.php 第 605 行.
SQL: SELECT `dev_id` FROM `cs_things` WHERE ( user_id=1 ) LIMIT 1   [ RunTime:0.000186s ]
SQL: DELETE FROM `cs_things` WHERE ( user_id=1 ) [ RunTime:0.000091s ]

[ 2016-11-29T13:38:00+08:00 ] 127.0.0.1 /Label/scanning
INFO: [ app_begin ] --START--
INFO: ReadHtmlCache Behavior ::run [ RunTime:0.000370s ]
INFO: [ app_begin ] --END-- [ RunTime:0.000425s ]
NOTIC: [8192] mysql_connect(): The mysql extension is deprecated and will be removed in the future: use mysqli or PDO instead /Applications/MAMP/htdocs/csei/ThinkPHP/Lib/Driver/Db/DbMysql.class.php 第 55 行.
SQL: SHOW COLUMNS FROM `cs_things` [ RunTime:0.001832s ]
NOTIC: [8192] preg_replace(): The /e modifier is deprecated, use preg_replace_callback instead /Applications/MAMP/htdocs/csei/ThinkPHP/Lib/Core/Db.class.php 第 605 行.
SQL: SELECT `dev_id` FROM `cs_things` WHERE ( user_id=1 ) LIMIT 1   [ RunTime:0.000184s ]
SQL: DELETE FROM `cs_things` WHERE ( user_id=1 ) [ RunTime:0.000090s ]

[ 2016-11-29T13:38:01+08:00 ] 127.0.0.1 /Label/scanning
INFO: [ app_begin ] --START--
INFO: ReadHtmlCache Behavior ::run [ RunTime:0.000378s ]
INFO: [ app_begin ] --END-- [ RunTime:0.000434s ]
NOTIC: [8192] mysql_connect(): The mysql extension is deprecated and will be removed in the future: use mysqli or PDO instead /Applications/MAMP/htdocs/csei/ThinkPHP/Lib/Driver/Db/DbMysql.class.php 第 55 行.
SQL: SHOW COLUMNS FROM `cs_things` [ RunTime:0.001803s ]
NOTIC: [8192] preg_replace(): The /e modifier is deprecated, use preg_replace_callback instead /Applications/MAMP/htdocs/csei/ThinkPHP/Lib/Core/Db.class.php 第 605 行.
SQL: SELECT `dev_id` FROM `cs_things` WHERE ( user_id=1 ) LIMIT 1   [ RunTime:0.000209s ]
SQL: DELETE FROM `cs_things` WHERE ( user_id=1 ) [ RunTime:0.000090s ]

[ 2016-11-29T13:38:02+08:00 ] 127.0.0.1 /Label/scanning
INFO: [ app_begin ] --START--
INFO: ReadHtmlCache Behavior ::run [ RunTime:0.000391s ]
INFO: [ app_begin ] --END-- [ RunTime:0.000446s ]
NOTIC: [8192] mysql_connect(): The mysql extension is deprecated and will be removed in the future: use mysqli or PDO instead /Applications/MAMP/htdocs/csei/ThinkPHP/Lib/Driver/Db/DbMysql.class.php 第 55 行.
SQL: SHOW COLUMNS FROM `cs_things` [ RunTime:0.002208s ]
NOTIC: [8192] preg_replace(): The /e modifier is deprecated, use preg_replace_callback instead /Applications/MAMP/htdocs/csei/ThinkPHP/Lib/Core/Db.class.php 第 605 行.
SQL: SELECT `dev_id` FROM `cs_things` WHERE ( user_id=1 ) LIMIT 1   [ RunTime:0.000210s ]
SQL: DELETE FROM `cs_things` WHERE ( user_id=1 ) [ RunTime:0.000107s ]

[ 2016-11-29T13:38:03+08:00 ] 127.0.0.1 /Label/scanning
INFO: [ app_begin ] --START--
INFO: ReadHtmlCache Behavior ::run [ RunTime:0.000372s ]
INFO: [ app_begin ] --END-- [ RunTime:0.000426s ]
NOTIC: [8192] mysql_connect(): The mysql extension is deprecated and will be removed in the future: use mysqli or PDO instead /Applications/MAMP/htdocs/csei/ThinkPHP/Lib/Driver/Db/DbMysql.class.php 第 55 行.
SQL: SHOW COLUMNS FROM `cs_things` [ RunTime:0.002215s ]
NOTIC: [8192] preg_replace(): The /e modifier is deprecated, use preg_replace_callback instead /Applications/MAMP/htdocs/csei/ThinkPHP/Lib/Core/Db.class.php 第 605 行.
SQL: SELECT `dev_id` FROM `cs_things` WHERE ( user_id=1 ) LIMIT 1   [ RunTime:0.000205s ]
SQL: DELETE FROM `cs_things` WHERE ( user_id=1 ) [ RunTime:0.000103s ]

[ 2016-11-29T13:38:04+08:00 ] 127.0.0.1 /Label/scanning
INFO: [ app_begin ] --START--
INFO: ReadHtmlCache Behavior ::run [ RunTime:0.000704s ]
INFO: [ app_begin ] --END-- [ RunTime:0.000803s ]
NOTIC: [8192] mysql_connect(): The mysql extension is deprecated and will be removed in the future: use mysqli or PDO instead /Applications/MAMP/htdocs/csei/ThinkPHP/Lib/Driver/Db/DbMysql.class.php 第 55 行.
SQL: SHOW COLUMNS FROM `cs_things` [ RunTime:0.001776s ]
NOTIC: [8192] preg_replace(): The /e modifier is deprecated, use preg_replace_callback instead /Applications/MAMP/htdocs/csei/ThinkPHP/Lib/Core/Db.class.php 第 605 行.
SQL: SELECT `dev_id` FROM `cs_things` WHERE ( user_id=1 ) LIMIT 1   [ RunTime:0.000210s ]
SQL: DELETE FROM `cs_things` WHERE ( user_id=1 ) [ RunTime:0.000108s ]

[ 2016-11-29T13:38:05+08:00 ] 127.0.0.1 /Label/scanning
INFO: [ app_begin ] --START--
INFO: ReadHtmlCache Behavior ::run [ RunTime:0.000353s ]
INFO: [ app_begin ] --END-- [ RunTime:0.000405s ]
NOTIC: [8192] mysql_connect(): The mysql extension is deprecated and will be removed in the future: use mysqli or PDO instead /Applications/MAMP/htdocs/csei/ThinkPHP/Lib/Driver/Db/DbMysql.class.php 第 55 行.
SQL: SHOW COLUMNS FROM `cs_things` [ RunTime:0.002200s ]
NOTIC: [8192] preg_replace(): The /e modifier is deprecated, use preg_replace_callback instead /Applications/MAMP/htdocs/csei/ThinkPHP/Lib/Core/Db.class.php 第 605 行.
SQL: SELECT `dev_id` FROM `cs_things` WHERE ( user_id=1 ) LIMIT 1   [ RunTime:0.000233s ]
SQL: DELETE FROM `cs_things` WHERE ( user_id=1 ) [ RunTime:0.000106s ]

[ 2016-11-29T13:38:06+08:00 ] 127.0.0.1 /Label/scanning
INFO: [ app_begin ] --START--
INFO: ReadHtmlCache Behavior ::run [ RunTime:0.000350s ]
INFO: [ app_begin ] --END-- [ RunTime:0.000404s ]
NOTIC: [8192] mysql_connect(): The mysql extension is deprecated and will be removed in the future: use mysqli or PDO instead /Applications/MAMP/htdocs/csei/ThinkPHP/Lib/Driver/Db/DbMysql.class.php 第 55 行.
SQL: SHOW COLUMNS FROM `cs_things` [ RunTime:0.001680s ]
NOTIC: [8192] preg_replace(): The /e modifier is deprecated, use preg_replace_callback instead /Applications/MAMP/htdocs/csei/ThinkPHP/Lib/Core/Db.class.php 第 605 行.
SQL: SELECT `dev_id` FROM `cs_things` WHERE ( user_id=1 ) LIMIT 1   [ RunTime:0.000192s ]
SQL: DELETE FROM `cs_things` WHERE ( user_id=1 ) [ RunTime:0.000099s ]

[ 2016-11-29T13:38:07+08:00 ] 127.0.0.1 /Label/scanning
INFO: [ app_begin ] --START--
INFO: ReadHtmlCache Behavior ::run [ RunTime:0.000350s ]
INFO: [ app_begin ] --END-- [ RunTime:0.000401s ]
NOTIC: [8192] mysql_connect(): The mysql extension is deprecated and will be removed in the future: use mysqli or PDO instead /Applications/MAMP/htdocs/csei/ThinkPHP/Lib/Driver/Db/DbMysql.class.php 第 55 行.
SQL: SHOW COLUMNS FROM `cs_things` [ RunTime:0.001706s ]
NOTIC: [8192] preg_replace(): The /e modifier is deprecated, use preg_replace_callback instead /Applications/MAMP/htdocs/csei/ThinkPHP/Lib/Core/Db.class.php 第 605 行.
SQL: SELECT `dev_id` FROM `cs_things` WHERE ( user_id=1 ) LIMIT 1   [ RunTime:0.000184s ]
SQL: DELETE FROM `cs_things` WHERE ( user_id=1 ) [ RunTime:0.000090s ]

[ 2016-11-29T13:38:08+08:00 ] 127.0.0.1 /Label/scanning
INFO: [ app_begin ] --START--
INFO: ReadHtmlCache Behavior ::run [ RunTime:0.000350s ]
INFO: [ app_begin ] --END-- [ RunTime:0.000403s ]
NOTIC: [8192] mysql_connect(): The mysql extension is deprecated and will be removed in the future: use mysqli or PDO instead /Applications/MAMP/htdocs/csei/ThinkPHP/Lib/Driver/Db/DbMysql.class.php 第 55 行.
SQL: SHOW COLUMNS FROM `cs_things` [ RunTime:0.001847s ]
NOTIC: [8192] preg_replace(): The /e modifier is deprecated, use preg_replace_callback instead /Applications/MAMP/htdocs/csei/ThinkPHP/Lib/Core/Db.class.php 第 605 行.
SQL: SELECT `dev_id` FROM `cs_things` WHERE ( user_id=1 ) LIMIT 1   [ RunTime:0.000185s ]
SQL: DELETE FROM `cs_things` WHERE ( user_id=1 ) [ RunTime:0.000090s ]

[ 2016-11-29T13:38:09+08:00 ] 127.0.0.1 /Label/scanning
INFO: [ app_begin ] --START--
INFO: ReadHtmlCache Behavior ::run [ RunTime:0.000356s ]
INFO: [ app_begin ] --END-- [ RunTime:0.000410s ]
NOTIC: [8192] mysql_connect(): The mysql extension is deprecated and will be removed in the future: use mysqli or PDO instead /Applications/MAMP/htdocs/csei/ThinkPHP/Lib/Driver/Db/DbMysql.class.php 第 55 行.
SQL: SHOW COLUMNS FROM `cs_things` [ RunTime:0.001727s ]
NOTIC: [8192] preg_replace(): The /e modifier is deprecated, use preg_replace_callback instead /Applications/MAMP/htdocs/csei/ThinkPHP/Lib/Core/Db.class.php 第 605 行.
SQL: SELECT `dev_id` FROM `cs_things` WHERE ( user_id=1 ) LIMIT 1   [ RunTime:0.000231s ]
SQL: DELETE FROM `cs_things` WHERE ( user_id=1 ) [ RunTime:0.000120s ]

[ 2016-11-29T13:38:10+08:00 ] 127.0.0.1 /Label/scanning
INFO: [ app_begin ] --START--
INFO: ReadHtmlCache Behavior ::run [ RunTime:0.000440s ]
INFO: [ app_begin ] --END-- [ RunTime:0.000505s ]
NOTIC: [8192] mysql_connect(): The mysql extension is deprecated and will be removed in the future: use mysqli or PDO instead /Applications/MAMP/htdocs/csei/ThinkPHP/Lib/Driver/Db/DbMysql.class.php 第 55 行.
SQL: SHOW COLUMNS FROM `cs_things` [ RunTime:0.001716s ]
NOTIC: [8192] preg_replace(): The /e modifier is deprecated, use preg_replace_callback instead /Applications/MAMP/htdocs/csei/ThinkPHP/Lib/Core/Db.class.php 第 605 行.
SQL: SELECT `dev_id` FROM `cs_things` WHERE ( user_id=1 ) LIMIT 1   [ RunTime:0.000195s ]
SQL: DELETE FROM `cs_things` WHERE ( user_id=1 ) [ RunTime:0.000101s ]

[ 2016-11-29T13:38:11+08:00 ] 127.0.0.1 /Label/scanning
INFO: [ app_begin ] --START--
INFO: ReadHtmlCache Behavior ::run [ RunTime:0.000503s ]
INFO: [ app_begin ] --END-- [ RunTime:0.000572s ]
NOTIC: [8192] mysql_connect(): The mysql extension is deprecated and will be removed in the future: use mysqli or PDO instead /Applications/MAMP/htdocs/csei/ThinkPHP/Lib/Driver/Db/DbMysql.class.php 第 55 行.
SQL: SHOW COLUMNS FROM `cs_things` [ RunTime:0.001810s ]
NOTIC: [8192] preg_replace(): The /e modifier is deprecated, use preg_replace_callback instead /Applications/MAMP/htdocs/csei/ThinkPHP/Lib/Core/Db.class.php 第 605 行.
SQL: SELECT `dev_id` FROM `cs_things` WHERE ( user_id=1 ) LIMIT 1   [ RunTime:0.000185s ]
SQL: DELETE FROM `cs_things` WHERE ( user_id=1 ) [ RunTime:0.000090s ]

[ 2016-11-29T13:38:12+08:00 ] 127.0.0.1 /Label/scanning
INFO: [ app_begin ] --START--
INFO: ReadHtmlCache Behavior ::run [ RunTime:0.000424s ]
INFO: [ app_begin ] --END-- [ RunTime:0.000486s ]
NOTIC: [8192] mysql_connect(): The mysql extension is deprecated and will be removed in the future: use mysqli or PDO instead /Applications/MAMP/htdocs/csei/ThinkPHP/Lib/Driver/Db/DbMysql.class.php 第 55 行.
SQL: SHOW COLUMNS FROM `cs_things` [ RunTime:0.001921s ]
NOTIC: [8192] preg_replace(): The /e modifier is deprecated, use preg_replace_callback instead /Applications/MAMP/htdocs/csei/ThinkPHP/Lib/Core/Db.class.php 第 605 行.
SQL: SELECT `dev_id` FROM `cs_things` WHERE ( user_id=1 ) LIMIT 1   [ RunTime:0.000274s ]
SQL: DELETE FROM `cs_things` WHERE ( user_id=1 ) [ RunTime:0.000188s ]

[ 2016-11-29T13:38:13+08:00 ] 127.0.0.1 /Label/scanning
INFO: [ app_begin ] --START--
INFO: ReadHtmlCache Behavior ::run [ RunTime:0.000564s ]
INFO: [ app_begin ] --END-- [ RunTime:0.000710s ]
NOTIC: [8192] mysql_connect(): The mysql extension is deprecated and will be removed in the future: use mysqli or PDO instead /Applications/MAMP/htdocs/csei/ThinkPHP/Lib/Driver/Db/DbMysql.class.php 第 55 行.
SQL: SHOW COLUMNS FROM `cs_things` [ RunTime:0.001015s ]
NOTIC: [8192] preg_replace(): The /e modifier is deprecated, use preg_replace_callback instead /Applications/MAMP/htdocs/csei/ThinkPHP/Lib/Core/Db.class.php 第 605 行.
SQL: SELECT `dev_id` FROM `cs_things` WHERE ( user_id=1 ) LIMIT 1   [ RunTime:0.000267s ]
SQL: DELETE FROM `cs_things` WHERE ( user_id=1 ) [ RunTime:0.000165s ]

